<?xml version="1.0" encoding="UTF-8"?>
<testng-results ignored="0" total="1" passed="1" failed="0" skipped="0">
  <reporter-output>
  </reporter-output>
  <suite started-at="2023-02-19T11:16:29 IST" name="Default suite" finished-at="2023-02-19T11:16:32 IST" duration-ms="2854">
    <groups>
    </groups>
    <test started-at="2023-02-19T11:16:29 IST" name="Default test" finished-at="2023-02-19T11:16:32 IST" duration-ms="2854">
      <class name="differentWaysToPOST.CreateUserUsingPOJO">
        <test-method signature="createUser()[pri:0, instance:differentWaysToPOST.CreateUserUsingPOJO@2f8dad04]" started-at="2023-02-19T11:16:29 IST" name="createUser" finished-at="2023-02-19T11:16:32 IST" duration-ms="2819" status="PASS">
          <reporter-output>
          </reporter-output>
        </test-method> <!-- createUser -->
      </class> <!-- differentWaysToPOST.CreateUserUsingPOJO -->
    </test> <!-- Default test -->
  </suite> <!-- Default suite -->
</testng-results>
